::1 - - [Thu, 09 Jun 2016 15:05:31 GMT] "GET / HTTP/1.1" 404 - "-" "Mozilla/5.0 (Macintosh; Intel Mac OS X 10_11_5) AppleWebKit/537.36 (KHTML, like Gecko) Chrome/50.0.2661.102 Safari/537.36"
::1 - - [Thu, 09 Jun 2016 15:05:31 GMT] "GET /favicon.ico HTTP/1.1" 404 - "http://localhost:8888/" "Mozilla/5.0 (Macintosh; Intel Mac OS X 10_11_5) AppleWebKit/537.36 (KHTML, like Gecko) Chrome/50.0.2661.102 Safari/537.36"
::1 - - [Thu, 09 Jun 2016 15:05:41 GMT] "GET /admin HTTP/1.1" 200 2186 "-" "Mozilla/5.0 (Macintosh; Intel Mac OS X 10_11_5) AppleWebKit/537.36 (KHTML, like Gecko) Chrome/50.0.2661.102 Safari/537.36"
::1 - - [Thu, 09 Jun 2016 15:05:53 GMT] "POST /login HTTP/1.1" 302 62 "http://localhost:8888/admin" "Mozilla/5.0 (Macintosh; Intel Mac OS X 10_11_5) AppleWebKit/537.36 (KHTML, like Gecko) Chrome/50.0.2661.102 Safari/537.36"
::1 - - [Thu, 09 Jun 2016 15:05:53 GMT] "GET /tab/apps HTTP/1.1" 200 2067 "http://localhost:8888/admin" "Mozilla/5.0 (Macintosh; Intel Mac OS X 10_11_5) AppleWebKit/537.36 (KHTML, like Gecko) Chrome/50.0.2661.102 Safari/537.36"
::1 - - [Thu, 09 Jun 2016 15:06:25 GMT] "GET /tab/server HTTP/1.1" 200 2993 "http://localhost:8888/tab/apps" "Mozilla/5.0 (Macintosh; Intel Mac OS X 10_11_5) AppleWebKit/537.36 (KHTML, like Gecko) Chrome/50.0.2661.102 Safari/537.36"
::1 - - [Thu, 09 Jun 2016 15:06:26 GMT] "GET /tab/reports HTTP/1.1" 200 1472 "http://localhost:8888/tab/server" "Mozilla/5.0 (Macintosh; Intel Mac OS X 10_11_5) AppleWebKit/537.36 (KHTML, like Gecko) Chrome/50.0.2661.102 Safari/537.36"
::1 - - [Thu, 09 Jun 2016 15:06:27 GMT] "GET /tab/server HTTP/1.1" 304 - "http://localhost:8888/tab/reports" "Mozilla/5.0 (Macintosh; Intel Mac OS X 10_11_5) AppleWebKit/537.36 (KHTML, like Gecko) Chrome/50.0.2661.102 Safari/537.36"
::1 - - [Thu, 09 Jun 2016 15:06:29 GMT] "GET /tab/apps HTTP/1.1" 304 - "http://localhost:8888/tab/server" "Mozilla/5.0 (Macintosh; Intel Mac OS X 10_11_5) AppleWebKit/537.36 (KHTML, like Gecko) Chrome/50.0.2661.102 Safari/537.36"
::1 - - [Thu, 09 Jun 2016 15:56:40 GMT] "GET /tab/apps HTTP/1.1" 500 1550 "http://localhost:8888/tab/server" "Mozilla/5.0 (Macintosh; Intel Mac OS X 10_11_5) AppleWebKit/537.36 (KHTML, like Gecko) Chrome/50.0.2661.102 Safari/537.36"
::1 - - [Thu, 09 Jun 2016 15:57:49 GMT] "GET /tab/apps HTTP/1.1" 200 2146 "http://localhost:8888/tab/server" "Mozilla/5.0 (Macintosh; Intel Mac OS X 10_11_5) AppleWebKit/537.36 (KHTML, like Gecko) Chrome/50.0.2661.102 Safari/537.36"
::1 - - [Thu, 09 Jun 2016 15:57:51 GMT] "GET /tab/controls HTTP/1.1" 404 - "http://localhost:8888/tab/apps" "Mozilla/5.0 (Macintosh; Intel Mac OS X 10_11_5) AppleWebKit/537.36 (KHTML, like Gecko) Chrome/50.0.2661.102 Safari/537.36"
::1 - - [Thu, 09 Jun 2016 15:57:54 GMT] "GET /tab/controls HTTP/1.1" 404 - "http://localhost:8888/tab/apps" "Mozilla/5.0 (Macintosh; Intel Mac OS X 10_11_5) AppleWebKit/537.36 (KHTML, like Gecko) Chrome/50.0.2661.102 Safari/537.36"
::1 - - [Thu, 09 Jun 2016 15:57:57 GMT] "GET /tab/controls HTTP/1.1" 404 - "http://localhost:8888/tab/apps" "Mozilla/5.0 (Macintosh; Intel Mac OS X 10_11_5) AppleWebKit/537.36 (KHTML, like Gecko) Chrome/50.0.2661.102 Safari/537.36"
::1 - - [Thu, 09 Jun 2016 16:00:00 GMT] "GET /tab/apps HTTP/1.1" 304 - "http://localhost:8888/tab/server" "Mozilla/5.0 (Macintosh; Intel Mac OS X 10_11_5) AppleWebKit/537.36 (KHTML, like Gecko) Chrome/50.0.2661.102 Safari/537.36"
::1 - - [Thu, 09 Jun 2016 16:00:01 GMT] "GET /tab/controls HTTP/1.1" 404 - "http://localhost:8888/tab/apps" "Mozilla/5.0 (Macintosh; Intel Mac OS X 10_11_5) AppleWebKit/537.36 (KHTML, like Gecko) Chrome/50.0.2661.102 Safari/537.36"
::1 - - [Thu, 09 Jun 2016 16:01:35 GMT] "GET /tab/controls HTTP/1.1" 404 - "http://localhost:8888/tab/apps" "Mozilla/5.0 (Macintosh; Intel Mac OS X 10_11_5) AppleWebKit/537.36 (KHTML, like Gecko) Chrome/50.0.2661.102 Safari/537.36"
::1 - - [Thu, 09 Jun 2016 16:04:52 GMT] "GET /tab/controls HTTP/1.1" 404 - "http://localhost:8888/tab/apps" "Mozilla/5.0 (Macintosh; Intel Mac OS X 10_11_5) AppleWebKit/537.36 (KHTML, like Gecko) Chrome/50.0.2661.102 Safari/537.36"
::1 - - [Thu, 09 Jun 2016 16:12:24 GMT] "GET /admin HTTP/1.1" 200 2185 "-" "Mozilla/5.0 (Macintosh; Intel Mac OS X 10_11_5) AppleWebKit/537.36 (KHTML, like Gecko) Chrome/50.0.2661.102 Safari/537.36"
::1 - - [Thu, 09 Jun 2016 16:12:47 GMT] "POST /login HTTP/1.1" 302 56 "http://localhost:8888/admin" "Mozilla/5.0 (Macintosh; Intel Mac OS X 10_11_5) AppleWebKit/537.36 (KHTML, like Gecko) Chrome/50.0.2661.102 Safari/537.36"
::1 - - [Thu, 09 Jun 2016 16:12:48 GMT] "GET /admin HTTP/1.1" 304 - "http://localhost:8888/admin" "Mozilla/5.0 (Macintosh; Intel Mac OS X 10_11_5) AppleWebKit/537.36 (KHTML, like Gecko) Chrome/50.0.2661.102 Safari/537.36"
::1 - - [Thu, 09 Jun 2016 16:12:57 GMT] "POST /login HTTP/1.1" 302 56 "http://localhost:8888/admin" "Mozilla/5.0 (Macintosh; Intel Mac OS X 10_11_5) AppleWebKit/537.36 (KHTML, like Gecko) Chrome/50.0.2661.102 Safari/537.36"
::1 - - [Thu, 09 Jun 2016 16:12:57 GMT] "GET /admin HTTP/1.1" 304 - "http://localhost:8888/admin" "Mozilla/5.0 (Macintosh; Intel Mac OS X 10_11_5) AppleWebKit/537.36 (KHTML, like Gecko) Chrome/50.0.2661.102 Safari/537.36"
::1 - - [Thu, 09 Jun 2016 16:14:20 GMT] "POST /login HTTP/1.1" 302 56 "http://localhost:8888/admin" "Mozilla/5.0 (Macintosh; Intel Mac OS X 10_11_5) AppleWebKit/537.36 (KHTML, like Gecko) Chrome/50.0.2661.102 Safari/537.36"
::1 - - [Thu, 09 Jun 2016 16:14:20 GMT] "GET /admin HTTP/1.1" 304 - "http://localhost:8888/admin" "Mozilla/5.0 (Macintosh; Intel Mac OS X 10_11_5) AppleWebKit/537.36 (KHTML, like Gecko) Chrome/50.0.2661.102 Safari/537.36"
::1 - - [Thu, 09 Jun 2016 16:14:32 GMT] "POST /login HTTP/1.1" 302 62 "http://localhost:8888/admin" "Mozilla/5.0 (Macintosh; Intel Mac OS X 10_11_5) AppleWebKit/537.36 (KHTML, like Gecko) Chrome/50.0.2661.102 Safari/537.36"
::1 - - [Thu, 09 Jun 2016 16:14:32 GMT] "GET /tab/apps HTTP/1.1" 304 - "http://localhost:8888/admin" "Mozilla/5.0 (Macintosh; Intel Mac OS X 10_11_5) AppleWebKit/537.36 (KHTML, like Gecko) Chrome/50.0.2661.102 Safari/537.36"
::1 - - [Thu, 09 Jun 2016 16:14:34 GMT] "GET /tab/controls HTTP/1.1" 500 1501 "http://localhost:8888/tab/apps" "Mozilla/5.0 (Macintosh; Intel Mac OS X 10_11_5) AppleWebKit/537.36 (KHTML, like Gecko) Chrome/50.0.2661.102 Safari/537.36"
::1 - - [Thu, 09 Jun 2016 16:21:14 GMT] "GET /tab/controls HTTP/1.1" 500 1501 "http://localhost:8888/tab/apps" "Mozilla/5.0 (Macintosh; Intel Mac OS X 10_11_5) AppleWebKit/537.36 (KHTML, like Gecko) Chrome/50.0.2661.102 Safari/537.36"
::1 - - [Thu, 09 Jun 2016 16:44:10 GMT] "GET /admin HTTP/1.1" 304 - "-" "Mozilla/5.0 (Macintosh; Intel Mac OS X 10_11_5) AppleWebKit/537.36 (KHTML, like Gecko) Chrome/50.0.2661.102 Safari/537.36"
::1 - - [Thu, 09 Jun 2016 16:44:36 GMT] "POST /login HTTP/1.1" 302 62 "http://localhost:8888/admin" "Mozilla/5.0 (Macintosh; Intel Mac OS X 10_11_5) AppleWebKit/537.36 (KHTML, like Gecko) Chrome/50.0.2661.102 Safari/537.36"
::1 - - [Thu, 09 Jun 2016 16:44:36 GMT] "GET /tab/apps HTTP/1.1" 304 - "http://localhost:8888/admin" "Mozilla/5.0 (Macintosh; Intel Mac OS X 10_11_5) AppleWebKit/537.36 (KHTML, like Gecko) Chrome/50.0.2661.102 Safari/537.36"
::1 - - [Thu, 09 Jun 2016 16:44:38 GMT] "GET /tab/controls HTTP/1.1" 200 1331 "http://localhost:8888/tab/apps" "Mozilla/5.0 (Macintosh; Intel Mac OS X 10_11_5) AppleWebKit/537.36 (KHTML, like Gecko) Chrome/50.0.2661.102 Safari/537.36"
::1 - - [Thu, 09 Jun 2016 16:44:38 GMT] "GET /tab/main.js HTTP/1.1" 404 - "http://localhost:8888/tab/controls" "Mozilla/5.0 (Macintosh; Intel Mac OS X 10_11_5) AppleWebKit/537.36 (KHTML, like Gecko) Chrome/50.0.2661.102 Safari/537.36"
::1 - - [Thu, 09 Jun 2016 16:56:34 GMT] "GET /tab/apps HTTP/1.1" 304 - "http://localhost:8888/tab/controls" "Mozilla/5.0 (Macintosh; Intel Mac OS X 10_11_5) AppleWebKit/537.36 (KHTML, like Gecko) Chrome/50.0.2661.102 Safari/537.36"
::1 - - [Thu, 09 Jun 2016 16:56:35 GMT] "GET /tab/controls HTTP/1.1" 200 1356 "http://localhost:8888/tab/apps" "Mozilla/5.0 (Macintosh; Intel Mac OS X 10_11_5) AppleWebKit/537.36 (KHTML, like Gecko) Chrome/50.0.2661.102 Safari/537.36"
::1 - - [Thu, 09 Jun 2016 16:56:35 GMT] "GET /tab/main.js HTTP/1.1" 404 - "http://localhost:8888/tab/controls" "Mozilla/5.0 (Macintosh; Intel Mac OS X 10_11_5) AppleWebKit/537.36 (KHTML, like Gecko) Chrome/50.0.2661.102 Safari/537.36"
::1 - - [Thu, 09 Jun 2016 16:57:09 GMT] "GET /tab/server HTTP/1.1" 200 3072 "http://localhost:8888/tab/controls" "Mozilla/5.0 (Macintosh; Intel Mac OS X 10_11_5) AppleWebKit/537.36 (KHTML, like Gecko) Chrome/50.0.2661.102 Safari/537.36"
::1 - - [Thu, 09 Jun 2016 16:57:09 GMT] "GET /tab/controls HTTP/1.1" 200 1375 "http://localhost:8888/tab/server" "Mozilla/5.0 (Macintosh; Intel Mac OS X 10_11_5) AppleWebKit/537.36 (KHTML, like Gecko) Chrome/50.0.2661.102 Safari/537.36"
::1 - - [Thu, 09 Jun 2016 16:57:10 GMT] "GET /tab/main.js HTTP/1.1" 404 - "http://localhost:8888/tab/controls" "Mozilla/5.0 (Macintosh; Intel Mac OS X 10_11_5) AppleWebKit/537.36 (KHTML, like Gecko) Chrome/50.0.2661.102 Safari/537.36"
::1 - - [Thu, 09 Jun 2016 16:57:21 GMT] "GET /tab/server HTTP/1.1" 304 - "http://localhost:8888/tab/controls" "Mozilla/5.0 (Macintosh; Intel Mac OS X 10_11_5) AppleWebKit/537.36 (KHTML, like Gecko) Chrome/50.0.2661.102 Safari/537.36"
::1 - - [Thu, 09 Jun 2016 16:57:21 GMT] "GET /tab/controls HTTP/1.1" 304 - "http://localhost:8888/tab/server" "Mozilla/5.0 (Macintosh; Intel Mac OS X 10_11_5) AppleWebKit/537.36 (KHTML, like Gecko) Chrome/50.0.2661.102 Safari/537.36"
::1 - - [Thu, 09 Jun 2016 16:57:21 GMT] "GET /tab/main.js HTTP/1.1" 404 - "http://localhost:8888/tab/controls" "Mozilla/5.0 (Macintosh; Intel Mac OS X 10_11_5) AppleWebKit/537.36 (KHTML, like Gecko) Chrome/50.0.2661.102 Safari/537.36"
::1 - - [Thu, 09 Jun 2016 16:57:30 GMT] "GET /tab/controls HTTP/1.1" 200 1355 "http://localhost:8888/tab/server" "Mozilla/5.0 (Macintosh; Intel Mac OS X 10_11_5) AppleWebKit/537.36 (KHTML, like Gecko) Chrome/50.0.2661.102 Safari/537.36"
::1 - - [Thu, 09 Jun 2016 16:57:30 GMT] "GET /tab/main.js HTTP/1.1" 404 - "http://localhost:8888/tab/controls" "Mozilla/5.0 (Macintosh; Intel Mac OS X 10_11_5) AppleWebKit/537.36 (KHTML, like Gecko) Chrome/50.0.2661.102 Safari/537.36"
::1 - - [Thu, 09 Jun 2016 16:57:45 GMT] "GET /tab/controls HTTP/1.1" 200 1355 "http://localhost:8888/tab/server" "Mozilla/5.0 (Macintosh; Intel Mac OS X 10_11_5) AppleWebKit/537.36 (KHTML, like Gecko) Chrome/50.0.2661.102 Safari/537.36"
::1 - - [Thu, 09 Jun 2016 16:57:45 GMT] "GET /tab/main.js HTTP/1.1" 404 - "http://localhost:8888/tab/controls" "Mozilla/5.0 (Macintosh; Intel Mac OS X 10_11_5) AppleWebKit/537.36 (KHTML, like Gecko) Chrome/50.0.2661.102 Safari/537.36"
::1 - - [Thu, 09 Jun 2016 16:59:14 GMT] "GET /tab/apps HTTP/1.1" 304 - "http://localhost:8888/tab/controls" "Mozilla/5.0 (Macintosh; Intel Mac OS X 10_11_5) AppleWebKit/537.36 (KHTML, like Gecko) Chrome/50.0.2661.102 Safari/537.36"
::1 - - [Thu, 09 Jun 2016 16:59:15 GMT] "GET /tab/controls HTTP/1.1" 304 - "http://localhost:8888/tab/apps" "Mozilla/5.0 (Macintosh; Intel Mac OS X 10_11_5) AppleWebKit/537.36 (KHTML, like Gecko) Chrome/50.0.2661.102 Safari/537.36"
::1 - - [Thu, 09 Jun 2016 16:59:15 GMT] "GET /tab/main.js HTTP/1.1" 404 - "http://localhost:8888/tab/controls" "Mozilla/5.0 (Macintosh; Intel Mac OS X 10_11_5) AppleWebKit/537.36 (KHTML, like Gecko) Chrome/50.0.2661.102 Safari/537.36"
::1 - - [Thu, 09 Jun 2016 17:15:26 GMT] "GET /tab/controls HTTP/1.1" 200 1372 "http://localhost:8888/tab/apps" "Mozilla/5.0 (Macintosh; Intel Mac OS X 10_11_5) AppleWebKit/537.36 (KHTML, like Gecko) Chrome/50.0.2661.102 Safari/537.36"
::1 - - [Thu, 09 Jun 2016 17:15:26 GMT] "GET /tab/controllers/keyToMQTT.js HTTP/1.1" 404 - "http://localhost:8888/tab/controls" "Mozilla/5.0 (Macintosh; Intel Mac OS X 10_11_5) AppleWebKit/537.36 (KHTML, like Gecko) Chrome/50.0.2661.102 Safari/537.36"
::1 - - [Thu, 09 Jun 2016 17:33:03 GMT] "GET /admin HTTP/1.1" 304 - "-" "Mozilla/5.0 (Macintosh; Intel Mac OS X 10_11_5) AppleWebKit/537.36 (KHTML, like Gecko) Chrome/50.0.2661.102 Safari/537.36"
::1 - - [Thu, 09 Jun 2016 17:33:14 GMT] "POST /login HTTP/1.1" 302 62 "http://localhost:8888/admin" "Mozilla/5.0 (Macintosh; Intel Mac OS X 10_11_5) AppleWebKit/537.36 (KHTML, like Gecko) Chrome/50.0.2661.102 Safari/537.36"
::1 - - [Thu, 09 Jun 2016 17:33:14 GMT] "GET /tab/apps HTTP/1.1" 304 - "http://localhost:8888/admin" "Mozilla/5.0 (Macintosh; Intel Mac OS X 10_11_5) AppleWebKit/537.36 (KHTML, like Gecko) Chrome/50.0.2661.102 Safari/537.36"
::1 - - [Thu, 09 Jun 2016 17:33:16 GMT] "GET /tab/controls HTTP/1.1" 500 925 "http://localhost:8888/tab/apps" "Mozilla/5.0 (Macintosh; Intel Mac OS X 10_11_5) AppleWebKit/537.36 (KHTML, like Gecko) Chrome/50.0.2661.102 Safari/537.36"
::1 - - [Thu, 09 Jun 2016 17:33:41 GMT] "GET /tab/controls HTTP/1.1" 500 925 "http://localhost:8888/tab/apps" "Mozilla/5.0 (Macintosh; Intel Mac OS X 10_11_5) AppleWebKit/537.36 (KHTML, like Gecko) Chrome/50.0.2661.102 Safari/537.36"
::1 - - [Thu, 09 Jun 2016 17:36:15 GMT] "GET /tab/controls HTTP/1.1" 500 925 "http://localhost:8888/tab/apps" "Mozilla/5.0 (Macintosh; Intel Mac OS X 10_11_5) AppleWebKit/537.36 (KHTML, like Gecko) Chrome/50.0.2661.102 Safari/537.36"
::1 - - [Thu, 09 Jun 2016 17:41:16 GMT] "GET /admin HTTP/1.1" 304 - "-" "Mozilla/5.0 (Macintosh; Intel Mac OS X 10_11_5) AppleWebKit/537.36 (KHTML, like Gecko) Chrome/50.0.2661.102 Safari/537.36"
::1 - - [Thu, 09 Jun 2016 17:41:19 GMT] "POST /login HTTP/1.1" 302 56 "http://localhost:8888/admin" "Mozilla/5.0 (Macintosh; Intel Mac OS X 10_11_5) AppleWebKit/537.36 (KHTML, like Gecko) Chrome/50.0.2661.102 Safari/537.36"
::1 - - [Thu, 09 Jun 2016 17:41:19 GMT] "GET /admin HTTP/1.1" 304 - "http://localhost:8888/admin" "Mozilla/5.0 (Macintosh; Intel Mac OS X 10_11_5) AppleWebKit/537.36 (KHTML, like Gecko) Chrome/50.0.2661.102 Safari/537.36"
::1 - - [Thu, 09 Jun 2016 17:41:28 GMT] "POST /login HTTP/1.1" 302 62 "http://localhost:8888/admin" "Mozilla/5.0 (Macintosh; Intel Mac OS X 10_11_5) AppleWebKit/537.36 (KHTML, like Gecko) Chrome/50.0.2661.102 Safari/537.36"
::1 - - [Thu, 09 Jun 2016 17:41:28 GMT] "GET /tab/apps HTTP/1.1" 304 - "http://localhost:8888/admin" "Mozilla/5.0 (Macintosh; Intel Mac OS X 10_11_5) AppleWebKit/537.36 (KHTML, like Gecko) Chrome/50.0.2661.102 Safari/537.36"
::1 - - [Thu, 09 Jun 2016 17:41:31 GMT] "GET /tab/controls HTTP/1.1" 500 1367 "http://localhost:8888/tab/apps" "Mozilla/5.0 (Macintosh; Intel Mac OS X 10_11_5) AppleWebKit/537.36 (KHTML, like Gecko) Chrome/50.0.2661.102 Safari/537.36"
::1 - - [Thu, 09 Jun 2016 17:42:32 GMT] "GET /tab/controls HTTP/1.1" 200 2993 "http://localhost:8888/tab/apps" "Mozilla/5.0 (Macintosh; Intel Mac OS X 10_11_5) AppleWebKit/537.36 (KHTML, like Gecko) Chrome/50.0.2661.102 Safari/537.36"
